av512m/500/1 : above - [0.9103]
av512m/500/1 : below - []
av512m/500/2 : above - [1.46866]
av512m/500/2 : below - []
av512m/500/3 : above - [1.09901]
av512m/500/3 : below - []
av512m/750/1 : above - [1.48557]
av512m/750/1 : below - []
av512m/750/2 : above - [1.50005]
av512m/750/2 : below - []
av512m/750/3 : above - [1.17948]
av512m/750/3 : below - []
av512m/1000/1 : above - [0.69773, 2.23203]
av512m/1000/1 : below - []
av512m/1000/2 : above - [0.79421, 1.49604]
av512m/1000/2 : below - []
av512m/1000/3 : above - [2.00566, 1.90453]
av512m/1000/3 : below - []
av512m/1250/1 : above - [0.85202, 1.40436]
av512m/1250/1 : below - []
av512m/1250/2 : above - [1.1201, 1.69622]
av512m/1250/2 : below - []
av512m/1250/3 : above - [0.97769, 1.81599]
av512m/1250/3 : below - []
av512m/2500/1 : above - [0.79061, 0.61311, 2.08497]
av512m/2500/1 : below - [3.49846, 1.24274]
av512m/2500/2 : above - [0.74267, 0.6454, 2.11465]
av512m/2500/2 : below - [3.92882, 0.96945]
av512m/2500/3 : above - [7.43627, 1.19215, 2.1301]
av512m/2500/3 : below - [3.76506, 0.76257]
av512m/5000/1 : above - [1.35146, 0.55105, 1.2574, 1.30481, 1.30517, 0.68612, 1.70111]
av512m/5000/1 : below - [4.18416, 1.04171, 0.55489, 3.35762, 0.77166]
av512m/5000/2 : above - [0.52597, 0.62387, 1.52827, 1.23862, 1.19264, 0.88324, 1.02163]
av512m/5000/2 : below - [3.48559, 1.46013, 0.88048, 2.66318, 0.90685]
av512m/5000/3 : above - [0.53032, 0.8855, 1.83141, 1.35142, 1.21335, 0.78263, 1.17042]
av512m/5000/3 : below - [4.36717, 1.12807, 0.68518, 2.24282, 0.73432]
av512m/10000/1 : above - [1.00841, 4.13972, 0.65026, 0.54302, 1.0418, 0.79737, 1.22582, 0.42893, 0.74805, 0.74064, 0.64932, 0.82647, 2.29324]
av512m/10000/1 : below - [1.69887, 0.9393, 0.77697, 1.0368, 2.48756, 4.42033, 1.21344, 0.4738, 3.65832, 1.01655, 0.81907, 2.7413, 3.31464, 1.01357]
av512m/10000/2 : above - [1.01853, 4.11145, 0.50111, 0.40476, 0.62027, 0.7119, 0.7397, 2.35307, 0.53472, 0.67039, 0.89468, 0.54226, 2.12411]
av512m/10000/2 : below - [1.92048, 0.86388, 0.78042, 1.00177, 1.64658, 2.97795, 0.70021, 0.50513, 1.59546, 0.89675, 1.51128, 1.65252, 1.64099, 0.98342]
av512m/10000/3 : above - [0.70586, 1.47796, 0.51919, 0.36533, 0.55178, 11.3843, 5.19179, 0.48435, 6.96753, 0.52192, 0.59046, 0.74945, 1.23785]
av512m/10000/3 : below - [1.41279, 0.92017, 0.7078, 0.96693, 1.44541, 4.10637, 1.72852, 0.59364, 7.07147, 0.95119, 5.33302, 1.18494, 1.53272, 1.04534]
av512s/500/1 : above - [1.53504]
av512s/500/1 : below - []
av512s/500/2 : above - [1.29538]
av512s/500/2 : below - []
av512s/500/3 : above - [1.25964]
av512s/500/3 : below - []
av512s/750/1 : above - [1.11975]
av512s/750/1 : below - []
av512s/750/2 : above - [2.98901]
av512s/750/2 : below - []
av512s/750/3 : above - [1.46759]
av512s/750/3 : below - []
av512s/1000/1 : above - [2.10354]
av512s/1000/1 : below - []
av512s/1000/2 : above - [1.52497]
av512s/1000/2 : below - []
av512s/1000/3 : above - [2.98698]
av512s/1000/3 : below - []
av512s/1250/1 : above - [0.8275, 1.16852]
av512s/1250/1 : below - []
av512s/1250/2 : above - [0.61403, 1.98497]
av512s/1250/2 : below - []
av512s/1250/3 : above - [0.65866, 1.5799]
av512s/1250/3 : below - []
av512s/2500/1 : above - [2.43273, 5.46547, 0.80228]
av512s/2500/1 : below - [0.76076, 0.58357]
av512s/2500/2 : above - [1.32306, 2.05885, 0.68892]
av512s/2500/2 : below - [2.1168, 0.76378]
av512s/2500/3 : above - [1.93966, 3.57169, 0.89786]
av512s/2500/3 : below - [0.76223, 0.58741]
av512s/5000/1 : above - [1.64292, 2.84935, 0.99877, 1.60543, 1.16364, 0.88304, 1.08929, 0.9875]
av512s/5000/1 : below - [1.05933, 0.50617, 0.42158, 1.67606, 0.64286]
av512s/5000/2 : above - [0.47096, 4.10836, 0.7837, 1.38476, 1.32883, 0.72256, 1.00839, 0.75471]
av512s/5000/2 : below - [0.63555, 0.49617, 0.46314, 2.71416, 0.84308]
av512s/5000/3 : above - [1.43874, 2.64088, 0.61328, 1.9723, 1.1727, 0.91638, 0.87188, 0.84582]
av512s/5000/3 : below - [0.68554, 0.48529, 0.54618, 2.02281, 0.77701]
av512s/10000/1 : above - [1.12214, 1.05173, 1.12174, 1.35776, 0.453, 0.47275, 0.5345, 0.51602, 1.4047, 1.18592, 1.02174, 1.58007, 0.70609, 1.0573, 0.78817]
av512s/10000/1 : below - [0.58143, 1.34648, 0.68594, 0.55126, 0.61209, 0.54361, 0.44408, 0.36706, 0.4823, 0.84966, 0.40703, 1.05262, 0.86139, 0.68611]
av512s/10000/2 : above - [1.05563, 1.14464, 1.59753, 0.45331, 0.46778, 0.45395, 0.43307, 0.56639, 1.86016, 2.35514, 0.87982, 1.38811, 0.9545, 0.60251, 1.02167]
av512s/10000/2 : below - [0.53429, 1.98766, 0.65906, 0.54219, 0.57798, 0.49368, 0.47326, 0.5601, 0.83178, 0.83654, 0.33943, 0.85144, 1.19114, 0.63463]
av512s/10000/3 : above - [1.08363, 0.81071, 1.32644, 0.44482, 0.69792, 0.44541, 0.61553, 0.81659, 2.30502, 2.99732, 0.72252, 1.90511, 0.72725, 0.93464, 0.88442]
av512s/10000/3 : below - [0.51884, 2.65203, 0.58682, 0.82317, 0.57396, 0.56296, 0.47258, 0.43813, 0.40553, 0.77229, 0.46081, 1.44391, 1.27408, 0.63165]
euroc_mh1_752/500/1 : above - [0.90982]
euroc_mh1_752/500/1 : below - []
euroc_mh1_752/500/2 : above - [1.02997]
euroc_mh1_752/500/2 : below - []
euroc_mh1_752/500/3 : above - [0.80495]
euroc_mh1_752/500/3 : below - []
euroc_mh1_752/750/1 : above - [0.86725]
euroc_mh1_752/750/1 : below - []
euroc_mh1_752/750/2 : above - [0.94824]
euroc_mh1_752/750/2 : below - []
euroc_mh1_752/750/3 : above - [0.87565]
euroc_mh1_752/750/3 : below - []
euroc_mh1_752/1000/1 : above - [0.83226]
euroc_mh1_752/1000/1 : below - []
euroc_mh1_752/1000/2 : above - [0.68756]
euroc_mh1_752/1000/2 : below - []
euroc_mh1_752/1000/3 : above - [0.96675]
euroc_mh1_752/1000/3 : below - []
euroc_mh1_752/1250/1 : above - [0.81695]
euroc_mh1_752/1250/1 : below - []
euroc_mh1_752/1250/2 : above - [0.73599]
euroc_mh1_752/1250/2 : below - []
euroc_mh1_752/1250/3 : above - [0.74525]
euroc_mh1_752/1250/3 : below - []
euroc_mh1_752/2500/1 : above - [0.77315]
euroc_mh1_752/2500/1 : below - []
euroc_mh1_752/2500/2 : above - [0.72749]
euroc_mh1_752/2500/2 : below - []
euroc_mh1_752/2500/3 : above - [0.97285]
euroc_mh1_752/2500/3 : below - []
euroc_mh1_752/5000/1 : above - [0.67962]
euroc_mh1_752/5000/1 : below - []
euroc_mh1_752/5000/2 : above - [0.77953]
euroc_mh1_752/5000/2 : below - []
euroc_mh1_752/5000/3 : above - [0.77233]
euroc_mh1_752/5000/3 : below - []
euroc_mh1_752/10000/1 : above - [0.04756, 0.4701]
euroc_mh1_752/10000/1 : below - []
euroc_mh1_752/10000/2 : above - [0.04775, 0.51234]
euroc_mh1_752/10000/2 : below - []
euroc_mh1_752/10000/3 : above - [0.04586, 0.47141]
euroc_mh1_752/10000/3 : below - []
euroc_mh2_752/500/1 : above - [1.01208]
euroc_mh2_752/500/1 : below - []
euroc_mh2_752/500/2 : above - [0.92175]
euroc_mh2_752/500/2 : below - []
euroc_mh2_752/500/3 : above - [0.93428]
euroc_mh2_752/500/3 : below - []
euroc_mh2_752/750/1 : above - [0.82886]
euroc_mh2_752/750/1 : below - []
euroc_mh2_752/750/2 : above - [0.71308]
euroc_mh2_752/750/2 : below - []
euroc_mh2_752/750/3 : above - [0.89778]
euroc_mh2_752/750/3 : below - []
euroc_mh2_752/1000/1 : above - [0.84262]
euroc_mh2_752/1000/1 : below - []
euroc_mh2_752/1000/2 : above - [0.74873]
euroc_mh2_752/1000/2 : below - []
euroc_mh2_752/1000/3 : above - [0.82433]
euroc_mh2_752/1000/3 : below - []
euroc_mh2_752/1250/1 : above - [0.89908]
euroc_mh2_752/1250/1 : below - []
euroc_mh2_752/1250/2 : above - [0.76122]
euroc_mh2_752/1250/2 : below - []
euroc_mh2_752/1250/3 : above - [0.90074]
euroc_mh2_752/1250/3 : below - []
euroc_mh2_752/2500/1 : above - [0.6183]
euroc_mh2_752/2500/1 : below - []
euroc_mh2_752/2500/2 : above - [0.7282]
euroc_mh2_752/2500/2 : below - []
euroc_mh2_752/2500/3 : above - [0.65607]
euroc_mh2_752/2500/3 : below - []
euroc_mh2_752/5000/1 : above - [0.61788]
euroc_mh2_752/5000/1 : below - []
euroc_mh2_752/5000/2 : above - [0.6671]
euroc_mh2_752/5000/2 : below - []
euroc_mh2_752/5000/3 : above - [0.62527]
euroc_mh2_752/5000/3 : below - []
euroc_mh2_752/10000/1 : above - [0.42278, 0.52256]
euroc_mh2_752/10000/1 : below - []
euroc_mh2_752/10000/2 : above - [0.45023, 0.56693]
euroc_mh2_752/10000/2 : below - []
euroc_mh2_752/10000/3 : above - [0.42265, 0.52249]
euroc_mh2_752/10000/3 : below - []
euroc_mh3_752/500/1 : above - [1.6234]
euroc_mh3_752/500/1 : below - []
euroc_mh3_752/500/2 : above - [1.93107]
euroc_mh3_752/500/2 : below - []
euroc_mh3_752/500/3 : above - [1.95611]
euroc_mh3_752/500/3 : below - []
euroc_mh3_752/750/1 : above - [2.13838]
euroc_mh3_752/750/1 : below - []
euroc_mh3_752/750/2 : above - [1.83669]
euroc_mh3_752/750/2 : below - []
euroc_mh3_752/750/3 : above - [1.33375]
euroc_mh3_752/750/3 : below - []
euroc_mh3_752/1000/1 : above - [1.87361]
euroc_mh3_752/1000/1 : below - []
euroc_mh3_752/1000/2 : above - [2.0502]
euroc_mh3_752/1000/2 : below - []
euroc_mh3_752/1000/3 : above - [1.68771]
euroc_mh3_752/1000/3 : below - []
euroc_mh3_752/1250/1 : above - [1.87663]
euroc_mh3_752/1250/1 : below - []
euroc_mh3_752/1250/2 : above - [1.86919]
euroc_mh3_752/1250/2 : below - []
euroc_mh3_752/1250/3 : above - [2.09171]
euroc_mh3_752/1250/3 : below - []
euroc_mh3_752/2500/1 : above - [1.79856]
euroc_mh3_752/2500/1 : below - []
euroc_mh3_752/2500/2 : above - [1.5419]
euroc_mh3_752/2500/2 : below - []
euroc_mh3_752/2500/3 : above - [0.40777]
euroc_mh3_752/2500/3 : below - []
euroc_mh3_752/5000/1 : above - [1.1842]
euroc_mh3_752/5000/1 : below - []
euroc_mh3_752/5000/2 : above - [1.26365]
euroc_mh3_752/5000/2 : below - []
euroc_mh3_752/5000/3 : above - [1.21612]
euroc_mh3_752/5000/3 : below - []
euroc_mh3_752/10000/1 : above - [2.51715, 1.68629, 1.09969, 0.95908, 0.54256]
euroc_mh3_752/10000/1 : below - [2.61522, 2.57955]
euroc_mh3_752/10000/2 : above - [2.66847, 3.19283, 1.72843, 1.14879, 0.47554]
euroc_mh3_752/10000/2 : below - [3.06348, 2.98365]
euroc_mh3_752/10000/3 : above - [3.07082, 1.38943, 1.19057, 0.87226, 0.54784]
euroc_mh3_752/10000/3 : below - [2.52868, 2.92776]
euroc_mh4_752/500/1 : above - [0.627]
euroc_mh4_752/500/1 : below - []
euroc_mh4_752/500/2 : above - [1.32538]
euroc_mh4_752/500/2 : below - []
euroc_mh4_752/500/3 : above - [0.68629]
euroc_mh4_752/500/3 : below - []
euroc_mh4_752/750/1 : above - [0.98763]
euroc_mh4_752/750/1 : below - []
euroc_mh4_752/750/2 : above - [0.93647]
euroc_mh4_752/750/2 : below - []
euroc_mh4_752/750/3 : above - [1.00544]
euroc_mh4_752/750/3 : below - []
euroc_mh4_752/1000/1 : above - [0.87952]
euroc_mh4_752/1000/1 : below - []
euroc_mh4_752/1000/2 : above - [1.35687]
euroc_mh4_752/1000/2 : below - []
euroc_mh4_752/1000/3 : above - [0.70765]
euroc_mh4_752/1000/3 : below - []
euroc_mh4_752/1250/1 : above - [0.97857]
euroc_mh4_752/1250/1 : below - []
euroc_mh4_752/1250/2 : above - [0.78144]
euroc_mh4_752/1250/2 : below - []
euroc_mh4_752/1250/3 : above - [0.84809]
euroc_mh4_752/1250/3 : below - []
euroc_mh4_752/2500/1 : above - [0.87526, 1.63591]
euroc_mh4_752/2500/1 : below - []
euroc_mh4_752/2500/2 : above - [1.03895, 1.71461]
euroc_mh4_752/2500/2 : below - []
euroc_mh4_752/2500/3 : above - [1.04277, 2.02535]
euroc_mh4_752/2500/3 : below - []
euroc_mh4_752/5000/1 : above - [1.18025, 109.80352]
euroc_mh4_752/5000/1 : below - [3.64531]
euroc_mh4_752/5000/2 : above - [1.01241, 0.7518]
euroc_mh4_752/5000/2 : below - [18.94186]
euroc_mh4_752/5000/3 : above - [1.07097, 2.04159]
euroc_mh4_752/5000/3 : below - [1.75726]
euroc_mh4_752/10000/1 : above - [0.0091, 44.56279, 57.66028, 0.74798]
euroc_mh4_752/10000/1 : below - [0.8277]
euroc_mh4_752/10000/2 : above - [0.0085, 3.01252, 1.14405, 0.59819, 1.37172]
euroc_mh4_752/10000/2 : below - [9.77029]
euroc_mh4_752/10000/3 : above - [0.00911, 1.91078, 37.07428, 0.80571, 1.42668]
euroc_mh4_752/10000/3 : below - [5.96753]
euroc_mh5_752/500/1 : above - [1.19387]
euroc_mh5_752/500/1 : below - []
euroc_mh5_752/500/2 : above - [1.61973]
euroc_mh5_752/500/2 : below - []
euroc_mh5_752/500/3 : above - [1.53936]
euroc_mh5_752/500/3 : below - []
euroc_mh5_752/750/1 : above - [1.1825]
euroc_mh5_752/750/1 : below - []
euroc_mh5_752/750/2 : above - [1.19368]
euroc_mh5_752/750/2 : below - []
euroc_mh5_752/750/3 : above - [1.05006]
euroc_mh5_752/750/3 : below - []
euroc_mh5_752/1000/1 : above - [2.51907]
euroc_mh5_752/1000/1 : below - []
euroc_mh5_752/1000/2 : above - [1.88095]
euroc_mh5_752/1000/2 : below - []
euroc_mh5_752/1000/3 : above - [1.93777]
euroc_mh5_752/1000/3 : below - []
euroc_mh5_752/1250/1 : above - [1.13763]
euroc_mh5_752/1250/1 : below - []
euroc_mh5_752/1250/2 : above - [1.14258]
euroc_mh5_752/1250/2 : below - []
euroc_mh5_752/1250/3 : above - [1.30907]
euroc_mh5_752/1250/3 : below - []
euroc_mh5_752/2500/1 : above - [1.26549]
euroc_mh5_752/2500/1 : below - []
euroc_mh5_752/2500/2 : above - [1.37487]
euroc_mh5_752/2500/2 : below - []
euroc_mh5_752/2500/3 : above - [1.26276]
euroc_mh5_752/2500/3 : below - []
euroc_mh5_752/5000/1 : above - [1.84618, 1.27424]
euroc_mh5_752/5000/1 : below - [9.85946]
euroc_mh5_752/5000/2 : above - [1.51679, 1.59049]
euroc_mh5_752/5000/2 : below - [1.02619]
euroc_mh5_752/5000/3 : above - [1.81719, 1.26451]
euroc_mh5_752/5000/3 : below - [0.91318]
euroc_mh5_752/10000/1 : above - [0.01009, 2.15785, 0.99057]
euroc_mh5_752/10000/1 : below - [0.82092]
euroc_mh5_752/10000/2 : above - [0.01022, 2.61132, 1.35629]
euroc_mh5_752/10000/2 : below - [5.99734]
euroc_mh5_752/10000/3 : above - [0.01129, 2.91864, 1.05177]
euroc_mh5_752/10000/3 : below - [0.96441]
euroc_v101_752/500/1 : above - [0.53693]
euroc_v101_752/500/1 : below - []
euroc_v101_752/500/2 : above - [0.58352]
euroc_v101_752/500/2 : below - []
euroc_v101_752/500/3 : above - [0.57085]
euroc_v101_752/500/3 : below - []
euroc_v101_752/750/1 : above - [0.58014]
euroc_v101_752/750/1 : below - []
euroc_v101_752/750/2 : above - [0.58396]
euroc_v101_752/750/2 : below - []
euroc_v101_752/750/3 : above - [0.61701]
euroc_v101_752/750/3 : below - []
euroc_v101_752/1000/1 : above - [0.58881]
euroc_v101_752/1000/1 : below - []
euroc_v101_752/1000/2 : above - [0.61812]
euroc_v101_752/1000/2 : below - []
euroc_v101_752/1000/3 : above - [0.56763]
euroc_v101_752/1000/3 : below - []
euroc_v101_752/1250/1 : above - [0.56048]
euroc_v101_752/1250/1 : below - []
euroc_v101_752/1250/2 : above - [0.57476]
euroc_v101_752/1250/2 : below - []
euroc_v101_752/1250/3 : above - [0.50669]
euroc_v101_752/1250/3 : below - []
euroc_v101_752/2500/1 : above - [0.44958]
euroc_v101_752/2500/1 : below - []
euroc_v101_752/2500/2 : above - [0.49278]
euroc_v101_752/2500/2 : below - []
euroc_v101_752/2500/3 : above - [0.45295]
euroc_v101_752/2500/3 : below - []
euroc_v101_752/5000/1 : above - [0.93112, 0.46773, 1.11983]
euroc_v101_752/5000/1 : below - []
euroc_v101_752/5000/2 : above - [1.05856, 0.45396, 1.18119]
euroc_v101_752/5000/2 : below - []
euroc_v101_752/5000/3 : above - [1.04448, 0.41435, 1.15331]
euroc_v101_752/5000/3 : below - []
euroc_v101_752/10000/1 : above - [1.16501, 0.72014, 0.90104, 1.22971, 1.04722, 1.92413, 0.02525]
euroc_v101_752/10000/1 : below - [1.02381, 0.91666]
euroc_v101_752/10000/2 : above - [1.00953, 0.66915, 1.01089, 1.21392, 1.05083, 1.81656, 0.02593]
euroc_v101_752/10000/2 : below - [0.95776, 0.76617]
euroc_v101_752/10000/3 : above - [1.20771, 0.71425, 1.04958, 1.26026, 1.15612, 1.99208, 0.02426]
euroc_v101_752/10000/3 : below - [1.00402, 0.82135]
euroc_v102_752/500/1 : above - [0.76446]
euroc_v102_752/500/1 : below - []
euroc_v102_752/500/2 : above - [0.77715]
euroc_v102_752/500/2 : below - []
euroc_v102_752/500/3 : above - [1.12262]
euroc_v102_752/500/3 : below - []
euroc_v102_752/750/1 : above - [1.81244]
euroc_v102_752/750/1 : below - []
euroc_v102_752/750/2 : above - [1.33298]
euroc_v102_752/750/2 : below - []
euroc_v102_752/750/3 : above - [2.04815]
euroc_v102_752/750/3 : below - []
euroc_v102_752/1000/1 : above - [1.58977]
euroc_v102_752/1000/1 : below - []
euroc_v102_752/1000/2 : above - [2.16229]
euroc_v102_752/1000/2 : below - []
euroc_v102_752/1000/3 : above - [1.48573]
euroc_v102_752/1000/3 : below - []
euroc_v102_752/1250/1 : above - [9.10588]
euroc_v102_752/1250/1 : below - []
euroc_v102_752/1250/2 : above - [9.87634]
euroc_v102_752/1250/2 : below - []
euroc_v102_752/1250/3 : above - [7.09721]
euroc_v102_752/1250/3 : below - []
euroc_v102_752/2500/1 : above - [2.2516]
euroc_v102_752/2500/1 : below - []
euroc_v102_752/2500/2 : above - [1.15288]
euroc_v102_752/2500/2 : below - []
euroc_v102_752/2500/3 : above - [1.17673]
euroc_v102_752/2500/3 : below - []
euroc_v102_752/5000/1 : above - []
euroc_v102_752/5000/1 : below - []
euroc_v102_752/5000/2 : above - [4.88126]
euroc_v102_752/5000/2 : below - []
euroc_v102_752/5000/3 : above - [1.31796]
euroc_v102_752/5000/3 : below - []
euroc_v102_752/10000/1 : above - [1.11135, 7.90971, 3.21602, 23.36349, 44.0994, 0.73864, 1.97962]
euroc_v102_752/10000/1 : below - [6.00293, 6.53786]
euroc_v102_752/10000/2 : above - [1.23699, 15.92323, 1.06492, 10.23998, 1.59854]
euroc_v102_752/10000/2 : below - [30.25437, 48.13339]
euroc_v102_752/10000/3 : above - [1.0176, 2.72658, 0.78326, 1.12115, 1.56103]
euroc_v102_752/10000/3 : below - [41.8657, 4.89691]
euroc_v103_752/500/1 : above - [1.97559]
euroc_v103_752/500/1 : below - []
euroc_v103_752/500/2 : above - [1.29133]
euroc_v103_752/500/2 : below - []
euroc_v103_752/500/3 : above - [3.49459]
euroc_v103_752/500/3 : below - []
euroc_v103_752/750/1 : above - [6.95363]
euroc_v103_752/750/1 : below - []
euroc_v103_752/750/2 : above - [1.38061]
euroc_v103_752/750/2 : below - []
euroc_v103_752/750/3 : above - [2.85451]
euroc_v103_752/750/3 : below - []
euroc_v103_752/1000/1 : above - [2.83939]
euroc_v103_752/1000/1 : below - []
euroc_v103_752/1000/2 : above - [2.7323]
euroc_v103_752/1000/2 : below - []
euroc_v103_752/1000/3 : above - [1.79748]
euroc_v103_752/1000/3 : below - []
euroc_v103_752/1250/1 : above - [9.31085]
euroc_v103_752/1250/1 : below - []
euroc_v103_752/1250/2 : above - [2.08385]
euroc_v103_752/1250/2 : below - []
euroc_v103_752/1250/3 : above - [3.14013]
euroc_v103_752/1250/3 : below - []
euroc_v103_752/2500/1 : above - [2.4026, 2.93243, 9.22271, 25.08504, 0.01464]
euroc_v103_752/2500/1 : below - []
euroc_v103_752/2500/2 : above - [4.49656, 7.14225, 25.80531, 8.40147, 0.1924]
euroc_v103_752/2500/2 : below - []
euroc_v103_752/2500/3 : above - [0.86575, 1.2583, 1.21723, 1.23145, 2.45804]
euroc_v103_752/2500/3 : below - []
euroc_v103_752/5000/1 : above - [1.84179, 2.88562, 0.90811, 3.65255, 0.77992, 1.67839, 2.73355, 1.62157, 1.69893]
euroc_v103_752/5000/1 : below - [2.42149, 0.00978]
euroc_v103_752/5000/2 : above - [4.16254, 5.21437, 1.83024, 27.64798, 0.51044, 1.90557, 7.11351, 8.79179, 2.38486]
euroc_v103_752/5000/2 : below - [3.34502]
euroc_v103_752/5000/3 : above - [2.86082, 1.84333, 1.70448, 10.61356, 7.24887, 3.07915, 4.73516, 4.94801]
euroc_v103_752/5000/3 : below - [4.28577]
euroc_v103_752/10000/1 : above - [7.37183, 32.5978, 15.66333, 14.44583, 19.29813]
euroc_v103_752/10000/1 : below - [14.09437, 5.02729, 14.80834, 0.65829]
euroc_v103_752/10000/2 : above - [14.49555, 2.04794, 2.64228, 2.37703]
euroc_v103_752/10000/2 : below - [3.07395, 2.59819, 7.9899]
euroc_v103_752/10000/3 : above - [29.92403, 34.24021, 16.06411, 30.72666]
euroc_v103_752/10000/3 : below - [55.27851, 48.69944, 58.8991]
euroc_v201_752/500/1 : above - [0.97012]
euroc_v201_752/500/1 : below - []
euroc_v201_752/500/2 : above - [1.06342]
euroc_v201_752/500/2 : below - []
euroc_v201_752/500/3 : above - [1.08334]
euroc_v201_752/500/3 : below - []
euroc_v201_752/750/1 : above - [0.96734]
euroc_v201_752/750/1 : below - []
euroc_v201_752/750/2 : above - [1.06647]
euroc_v201_752/750/2 : below - []
euroc_v201_752/750/3 : above - [0.98657]
euroc_v201_752/750/3 : below - []
euroc_v201_752/1000/1 : above - [1.12715]
euroc_v201_752/1000/1 : below - []
euroc_v201_752/1000/2 : above - [1.15193]
euroc_v201_752/1000/2 : below - []
euroc_v201_752/1000/3 : above - [0.98416]
euroc_v201_752/1000/3 : below - []
euroc_v201_752/1250/1 : above - [2.44431]
euroc_v201_752/1250/1 : below - []
euroc_v201_752/1250/2 : above - [6.12715]
euroc_v201_752/1250/2 : below - []
euroc_v201_752/1250/3 : above - [7.25552]
euroc_v201_752/1250/3 : below - []
euroc_v201_752/2500/1 : above - [0.93385]
euroc_v201_752/2500/1 : below - []
euroc_v201_752/2500/2 : above - [0.8103]
euroc_v201_752/2500/2 : below - []
euroc_v201_752/2500/3 : above - [10.23426]
euroc_v201_752/2500/3 : below - []
euroc_v201_752/5000/1 : above - [0.65119, 1.26164]
euroc_v201_752/5000/1 : below - []
euroc_v201_752/5000/2 : above - [0.97099, 16.66639]
euroc_v201_752/5000/2 : below - []
euroc_v201_752/5000/3 : above - [0.74592, 0.86833]
euroc_v201_752/5000/3 : below - []
euroc_v201_752/10000/1 : above - [1.47078, 0.3224, 1.2406, 0.52209, 2.98495]
euroc_v201_752/10000/1 : below - [0.29794, 7.72527]
euroc_v201_752/10000/2 : above - [1.74424, 0.47055, 1.52178, 0.52239, 1.0269]
euroc_v201_752/10000/2 : below - [0.36694, 0.89468, 5.78167]
euroc_v201_752/10000/3 : above - [1.48345, 0.33031, 1.5925, 0.42172, 0.99472]
euroc_v201_752/10000/3 : below - [0.38599, 1.07903, 2.93677]
euroc_v202_752/500/1 : above - [1.04429]
euroc_v202_752/500/1 : below - []
euroc_v202_752/500/2 : above - [1.19823]
euroc_v202_752/500/2 : below - []
euroc_v202_752/500/3 : above - [1.08672]
euroc_v202_752/500/3 : below - []
euroc_v202_752/750/1 : above - [1.02908]
euroc_v202_752/750/1 : below - []
euroc_v202_752/750/2 : above - [1.46438]
euroc_v202_752/750/2 : below - []
euroc_v202_752/750/3 : above - [1.5686]
euroc_v202_752/750/3 : below - []
euroc_v202_752/1000/1 : above - [35.9327]
euroc_v202_752/1000/1 : below - []
euroc_v202_752/1000/2 : above - [1.26262]
euroc_v202_752/1000/2 : below - []
euroc_v202_752/1000/3 : above - [1.18833]
euroc_v202_752/1000/3 : below - []
euroc_v202_752/1250/1 : above - [1.34649]
euroc_v202_752/1250/1 : below - []
euroc_v202_752/1250/2 : above - [1.3663]
euroc_v202_752/1250/2 : below - []
euroc_v202_752/1250/3 : above - [1.59774]
euroc_v202_752/1250/3 : below - []
euroc_v202_752/2500/1 : above - [4.95088]
euroc_v202_752/2500/1 : below - []
euroc_v202_752/2500/2 : above - [1.39574]
euroc_v202_752/2500/2 : below - []
euroc_v202_752/2500/3 : above - [2.73003]
euroc_v202_752/2500/3 : below - []
euroc_v202_752/5000/1 : above - [2.46763, 1.89816]
euroc_v202_752/5000/1 : below - []
euroc_v202_752/5000/2 : above - [1.44681, 2.0261, 4.73815]
euroc_v202_752/5000/2 : below - []
euroc_v202_752/5000/3 : above - [1.59399, 1.70349, 1.30522]
euroc_v202_752/5000/3 : below - []
euroc_v202_752/10000/1 : above - [7.90398, 54.11128, 1.85804, 5.62368, 1.11139, 3.22043, 8.06753]
euroc_v202_752/10000/1 : below - [1.03608, 5.09306, 0.80263, 13.4958, 14.55995, 1.29744, 3.27155]
euroc_v202_752/10000/2 : above - [9.30642, 41.9439, 2.75745, 2.26107, 11.26183, 4.67684, 2.00368, 0.49381]
euroc_v202_752/10000/2 : below - [0.95371, 4.88476, 0.56504, 10.71377, 5.09518, 28.35642, 1.25543]
euroc_v202_752/10000/3 : above - [19.64964, 40.00489, 1.93048, 3.20432, 1.83747, 1.69748, 1.62843, 0.74437]
euroc_v202_752/10000/3 : below - [14.31326, 10.78697, 7.72746, 18.35168, 25.41134, 1.70382, 1.84009]
euroc_v203_752/500/1 : above - [5.15458]
euroc_v203_752/500/1 : below - []
euroc_v203_752/500/2 : above - [5.01827]
euroc_v203_752/500/2 : below - []
euroc_v203_752/500/3 : above - []
euroc_v203_752/500/3 : below - []
euroc_v203_752/750/1 : above - [1.82235]
euroc_v203_752/750/1 : below - []
euroc_v203_752/750/2 : above - [1.84351]
euroc_v203_752/750/2 : below - []
euroc_v203_752/750/3 : above - [1.31367]
euroc_v203_752/750/3 : below - []
euroc_v203_752/1000/1 : above - [4.46437]
euroc_v203_752/1000/1 : below - []
euroc_v203_752/1000/2 : above - [2.12416]
euroc_v203_752/1000/2 : below - []
euroc_v203_752/1000/3 : above - [3.21906]
euroc_v203_752/1000/3 : below - []
euroc_v203_752/1250/1 : above - [5.82085]
euroc_v203_752/1250/1 : below - []
euroc_v203_752/1250/2 : above - [10.48171]
euroc_v203_752/1250/2 : below - []
euroc_v203_752/1250/3 : above - [35.68994]
euroc_v203_752/1250/3 : below - []
euroc_v203_752/2500/1 : above - [20.86027]
euroc_v203_752/2500/1 : below - []
euroc_v203_752/2500/2 : above - [36.09901]
euroc_v203_752/2500/2 : below - []
euroc_v203_752/2500/3 : above - [37.51815]
euroc_v203_752/2500/3 : below - []
euroc_v203_752/5000/1 : above - [14.04858, 46.317]
euroc_v203_752/5000/1 : below - []
euroc_v203_752/5000/2 : above - [20.9198, 3.5394]
euroc_v203_752/5000/2 : below - []
euroc_v203_752/5000/3 : above - [8.32769]
euroc_v203_752/5000/3 : below - []
euroc_v203_752/10000/1 : above - [5.28407, 12.62788, 34.08639]
euroc_v203_752/10000/1 : below - [19.89711, 20.80027]
euroc_v203_752/10000/2 : above - [13.06674, 32.5678, 59.90244]
euroc_v203_752/10000/2 : below - [47.26083, 20.19576]
euroc_v203_752/10000/3 : above - [65.1916, 32.93943, 31.12113]
euroc_v203_752/10000/3 : below - [10.40948]
tum_room1_512/500/1 : above - [2.01573]
tum_room1_512/500/1 : below - []
tum_room1_512/500/2 : above - [1.90082]
tum_room1_512/500/2 : below - []
tum_room1_512/500/3 : above - [1.96407]
tum_room1_512/500/3 : below - []
tum_room1_512/750/1 : above - [1.994]
tum_room1_512/750/1 : below - []
tum_room1_512/750/2 : above - [2.14892]
tum_room1_512/750/2 : below - []
tum_room1_512/750/3 : above - [2.02865]
tum_room1_512/750/3 : below - []
tum_room1_512/1000/1 : above - [2.17117]
tum_room1_512/1000/1 : below - []
tum_room1_512/1000/2 : above - [2.15857]
tum_room1_512/1000/2 : below - []
tum_room1_512/1000/3 : above - [2.20284]
tum_room1_512/1000/3 : below - []
tum_room1_512/1250/1 : above - [2.13589]
tum_room1_512/1250/1 : below - []
tum_room1_512/1250/2 : above - [2.03664]
tum_room1_512/1250/2 : below - []
tum_room1_512/1250/3 : above - [2.10408]
tum_room1_512/1250/3 : below - []
tum_room1_512/2500/1 : above - [2.01577]
tum_room1_512/2500/1 : below - []
tum_room1_512/2500/2 : above - [1.98224]
tum_room1_512/2500/2 : below - []
tum_room1_512/2500/3 : above - [2.0126]
tum_room1_512/2500/3 : below - []
tum_room1_512/5000/1 : above - [25.056, 2.2816, 3.44277, 1.59676, 2.96965, 1.30154]
tum_room1_512/5000/1 : below - []
tum_room1_512/5000/2 : above - [29.47486, 2.21074, 3.45645, 1.62827, 2.89621, 1.39248]
tum_room1_512/5000/2 : below - []
tum_room1_512/5000/3 : above - [46.86937, 3.34585, 3.46089, 1.66495, 2.84808, 1.26209]
tum_room1_512/5000/3 : below - []
tum_room1_512/10000/1 : above - [1.01836, 0.81184, 2.28914, 2.37669]
tum_room1_512/10000/1 : below - [27.07197, 20.29773, 2.23811, 3.24344, 1.93909, 2.20229, 1.92071, 1.99083, 0.63568]
tum_room1_512/10000/2 : above - [0.87451, 0.76176, 2.23805, 1.9486]
tum_room1_512/10000/2 : below - [26.69492, 13.85583, 2.34672, 3.3285, 1.99353, 2.21351, 1.88308, 1.99951, 0.5503]
tum_room1_512/10000/3 : above - [0.96744, 0.8789, 2.22027, 1.85794]
tum_room1_512/10000/3 : below - [24.63809, 7.19661, 2.33982, 3.40019, 2.04996, 2.21121, 1.93499, 2.0162, 0.48579]
tum_room2_512/500/1 : above - [0.65354]
tum_room2_512/500/1 : below - []
tum_room2_512/500/2 : above - [1.18665]
tum_room2_512/500/2 : below - []
tum_room2_512/500/3 : above - [1.3385]
tum_room2_512/500/3 : below - []
tum_room2_512/750/1 : above - [1.06777]
tum_room2_512/750/1 : below - []
tum_room2_512/750/2 : above - [0.95505]
tum_room2_512/750/2 : below - []
tum_room2_512/750/3 : above - [0.95529]
tum_room2_512/750/3 : below - []
tum_room2_512/1000/1 : above - [1.291]
tum_room2_512/1000/1 : below - []
tum_room2_512/1000/2 : above - [1.26742]
tum_room2_512/1000/2 : below - []
tum_room2_512/1000/3 : above - [1.32638]
tum_room2_512/1000/3 : below - []
tum_room2_512/1250/1 : above - [1.35155]
tum_room2_512/1250/1 : below - []
tum_room2_512/1250/2 : above - [1.34489]
tum_room2_512/1250/2 : below - []
tum_room2_512/1250/3 : above - [1.37692]
tum_room2_512/1250/3 : below - []
tum_room2_512/2500/1 : above - [0.55148]
tum_room2_512/2500/1 : below - []
tum_room2_512/2500/2 : above - [0.56292]
tum_room2_512/2500/2 : below - []
tum_room2_512/2500/3 : above - [0.55876]
tum_room2_512/2500/3 : below - []
tum_room2_512/5000/1 : above - [0.5759, 0.91123]
tum_room2_512/5000/1 : below - []
tum_room2_512/5000/2 : above - [0.60675, 0.94991]
tum_room2_512/5000/2 : below - []
tum_room2_512/5000/3 : above - [0.59015, 0.91874]
tum_room2_512/5000/3 : below - []
tum_room2_512/10000/1 : above - [2.16263]
tum_room2_512/10000/1 : below - [1.04669, 1.1911, 0.69416, 1.02807, 0.47563, 1.62905, 0.97106, 0.90707, 1.94342, 3.21201]
tum_room2_512/10000/2 : above - [2.21041]
tum_room2_512/10000/2 : below - [1.03613, 1.13017, 0.71308, 1.13961, 0.49097, 1.58056, 0.92859, 0.87489, 2.07742, 3.13056]
tum_room2_512/10000/3 : above - [2.22207]
tum_room2_512/10000/3 : below - [1.0404, 1.193, 0.6708, 1.08073, 0.40655, 1.50326, 0.89009, 0.92321, 1.91186, 3.21775]
tum_room3_512/500/1 : above - [0.63225]
tum_room3_512/500/1 : below - []
tum_room3_512/500/2 : above - [0.59927]
tum_room3_512/500/2 : below - []
tum_room3_512/500/3 : above - [0.6829]
tum_room3_512/500/3 : below - []
tum_room3_512/750/1 : above - [0.44927]
tum_room3_512/750/1 : below - []
tum_room3_512/750/2 : above - [0.43816]
tum_room3_512/750/2 : below - []
tum_room3_512/750/3 : above - [0.54043]
tum_room3_512/750/3 : below - []
tum_room3_512/1000/1 : above - [0.41275]
tum_room3_512/1000/1 : below - []
tum_room3_512/1000/2 : above - [0.40295]
tum_room3_512/1000/2 : below - []
tum_room3_512/1000/3 : above - [0.48949]
tum_room3_512/1000/3 : below - []
tum_room3_512/1250/1 : above - [0.45283]
tum_room3_512/1250/1 : below - []
tum_room3_512/1250/2 : above - [0.95835]
tum_room3_512/1250/2 : below - []
tum_room3_512/1250/3 : above - [0.42269]
tum_room3_512/1250/3 : below - []
tum_room3_512/2500/1 : above - [0.37508]
tum_room3_512/2500/1 : below - []
tum_room3_512/2500/2 : above - [0.40114]
tum_room3_512/2500/2 : below - []
tum_room3_512/2500/3 : above - [0.40899]
tum_room3_512/2500/3 : below - []
tum_room3_512/5000/1 : above - [1.58747, 0.78742, 1.29358, 1.6864, 1.23347, 0.67428, 0.61382, 0.39977, 0.95673, 1.41227, 0.37871]
tum_room3_512/5000/1 : below - []
tum_room3_512/5000/2 : above - [1.65543, 0.98817, 1.43819, 1.64057, 1.26262, 0.69707, 0.44233, 0.40559, 0.97146, 1.42045, 0.37432]
tum_room3_512/5000/2 : below - []
tum_room3_512/5000/3 : above - [1.59844, 1.00575, 1.38608, 1.59187, 1.27664, 0.6433, 0.4937, 0.41754, 0.9533, 1.42818, 0.36809]
tum_room3_512/5000/3 : below - []
tum_room3_512/10000/1 : above - [0.83469, 1.11014, 0.89898]
tum_room3_512/10000/1 : below - [1.43315, 0.75201, 0.37152]
tum_room3_512/10000/2 : above - [0.73088, 0.91922, 0.78042]
tum_room3_512/10000/2 : below - [2.00193, 0.74285, 0.38184]
tum_room3_512/10000/3 : above - [0.78463, 0.96949, 0.85199]
tum_room3_512/10000/3 : below - [2.83356, 0.7394, 0.40253]
tum_room4_512/500/1 : above - [1.18746]
tum_room4_512/500/1 : below - []
tum_room4_512/500/2 : above - [1.38548]
tum_room4_512/500/2 : below - []
tum_room4_512/500/3 : above - [1.20888]
tum_room4_512/500/3 : below - []
tum_room4_512/750/1 : above - [1.46214]
tum_room4_512/750/1 : below - []
tum_room4_512/750/2 : above - [1.68552]
tum_room4_512/750/2 : below - []
tum_room4_512/750/3 : above - [1.27758]
tum_room4_512/750/3 : below - []
tum_room4_512/1000/1 : above - [1.65518]
tum_room4_512/1000/1 : below - []
tum_room4_512/1000/2 : above - [1.63754]
tum_room4_512/1000/2 : below - []
tum_room4_512/1000/3 : above - [1.68022]
tum_room4_512/1000/3 : below - []
tum_room4_512/1250/1 : above - [1.04122]
tum_room4_512/1250/1 : below - []
tum_room4_512/1250/2 : above - [1.24825]
tum_room4_512/1250/2 : below - []
tum_room4_512/1250/3 : above - [1.26608]
tum_room4_512/1250/3 : below - []
tum_room4_512/2500/1 : above - [1.18463]
tum_room4_512/2500/1 : below - []
tum_room4_512/2500/2 : above - [1.43455]
tum_room4_512/2500/2 : below - []
tum_room4_512/2500/3 : above - [1.12341]
tum_room4_512/2500/3 : below - []
tum_room4_512/5000/1 : above - [2.66359, 1.23858, 1.28839, 1.90488, 2.45794, 1.95932, 3.04402, 2.84895, 1.97912, 0.338]
tum_room4_512/5000/1 : below - []
tum_room4_512/5000/2 : above - [2.66192, 1.12516, 1.28603, 1.91745, 2.53563, 1.864, 2.99132, 2.93255, 2.05349, 0.3297]
tum_room4_512/5000/2 : below - []
tum_room4_512/5000/3 : above - [2.9451, 1.15818, 1.26477, 1.79721, 2.36838, 1.86994, 3.01502, 2.86687, 1.95999, 0.35126]
tum_room4_512/5000/3 : below - []
tum_room4_512/10000/1 : above - [2.78784, 1.01985, 0.83675]
tum_room4_512/10000/1 : below - [0.98289, 0.96516, 1.2531, 1.31224, 1.49754, 2.16255, 2.53124, 1.94782]
tum_room4_512/10000/2 : above - [2.86128, 1.12883, 0.86596]
tum_room4_512/10000/2 : below - [0.78167, 0.89638, 1.24384, 1.47042, 1.45274, 2.12949, 2.42571, 1.99242]
tum_room4_512/10000/3 : above - [2.79524, 1.18748, 0.76406]
tum_room4_512/10000/3 : below - [0.79609, 0.92006, 1.23605, 1.35164, 1.48801, 2.02172, 2.51856, 1.92547]
tum_room5_512/500/1 : above - [4.64188]
tum_room5_512/500/1 : below - []
tum_room5_512/500/2 : above - [4.47284]
tum_room5_512/500/2 : below - []
tum_room5_512/500/3 : above - [4.664]
tum_room5_512/500/3 : below - []
tum_room5_512/750/1 : above - [3.4626]
tum_room5_512/750/1 : below - []
tum_room5_512/750/2 : above - [3.44683]
tum_room5_512/750/2 : below - []
tum_room5_512/750/3 : above - [3.59135]
tum_room5_512/750/3 : below - []
tum_room5_512/1000/1 : above - [3.31841]
tum_room5_512/1000/1 : below - []
tum_room5_512/1000/2 : above - [3.30188]
tum_room5_512/1000/2 : below - []
tum_room5_512/1000/3 : above - [3.35951]
tum_room5_512/1000/3 : below - []
tum_room5_512/1250/1 : above - [4.30618]
tum_room5_512/1250/1 : below - []
tum_room5_512/1250/2 : above - [4.24094]
tum_room5_512/1250/2 : below - []
tum_room5_512/1250/3 : above - [4.37374]
tum_room5_512/1250/3 : below - []
tum_room5_512/2500/1 : above - [3.98961]
tum_room5_512/2500/1 : below - []
tum_room5_512/2500/2 : above - [3.89231]
tum_room5_512/2500/2 : below - []
tum_room5_512/2500/3 : above - [3.85862]
tum_room5_512/2500/3 : below - []
tum_room5_512/5000/1 : above - [22.80506, 1.0525, 11.41273, 1.97103, 4.29974, 5.57683, 5.98638, 2.83047, 3.3113, 2.25083, 0.66084, 0.19745]
tum_room5_512/5000/1 : below - []
tum_room5_512/5000/2 : above - [3.51783, 4.83006, 4.71085, 2.69084, 3.59837, 2.85662, 1.05928, 0.25519]
tum_room5_512/5000/2 : below - []
tum_room5_512/5000/3 : above - [2.88765, 0.36138, 0.92657, 1.97267, 4.58521, 5.57387, 6.11014, 2.58785, 3.21309, 2.16701, 0.69546, 0.13342]
tum_room5_512/5000/3 : below - []
tum_room5_512/10000/1 : above - []
tum_room5_512/10000/1 : below - [0.82696, 0.96819, 1.70269, 0.27705, 2.35029, 3.01369, 4.95393, 4.66567, 1.96472, 2.80751, 0.54892]
tum_room5_512/10000/2 : above - []
tum_room5_512/10000/2 : below - [1.24883, 1.13176, 1.6904, 0.25688, 2.52137, 3.17037, 4.95265, 4.76213, 1.89004, 2.76692, 0.54269]
tum_room5_512/10000/3 : above - []
tum_room5_512/10000/3 : below - [0.61124, 0.85936, 1.67613, 0.29739, 2.45232, 3.18727, 4.91696, 4.64335, 1.8841, 2.77522, 0.47562]
tum_room6_512/500/1 : above - [1.59592]
tum_room6_512/500/1 : below - []
tum_room6_512/500/2 : above - [1.61807]
tum_room6_512/500/2 : below - []
tum_room6_512/500/3 : above - [1.69893]
tum_room6_512/500/3 : below - []
tum_room6_512/750/1 : above - [1.60973]
tum_room6_512/750/1 : below - []
tum_room6_512/750/2 : above - [1.66176]
tum_room6_512/750/2 : below - []
tum_room6_512/750/3 : above - [1.73596]
tum_room6_512/750/3 : below - []
tum_room6_512/1000/1 : above - [1.60707]
tum_room6_512/1000/1 : below - []
tum_room6_512/1000/2 : above - [1.65646]
tum_room6_512/1000/2 : below - []
tum_room6_512/1000/3 : above - [1.61017]
tum_room6_512/1000/3 : below - []
tum_room6_512/1250/1 : above - [1.56272]
tum_room6_512/1250/1 : below - []
tum_room6_512/1250/2 : above - [1.54725]
tum_room6_512/1250/2 : below - []
tum_room6_512/1250/3 : above - [1.46728]
tum_room6_512/1250/3 : below - []
tum_room6_512/2500/1 : above - [1.68165]
tum_room6_512/2500/1 : below - []
tum_room6_512/2500/2 : above - [1.65255]
tum_room6_512/2500/2 : below - []
tum_room6_512/2500/3 : above - [1.59897]
tum_room6_512/2500/3 : below - []
tum_room6_512/5000/1 : above - [2.04443, 0.31619, 0.17176]
tum_room6_512/5000/1 : below - []
tum_room6_512/5000/2 : above - [2.11481, 0.32012, 0.21989]
tum_room6_512/5000/2 : below - []
tum_room6_512/5000/3 : above - [2.02522, 0.33104, 0.25475]
tum_room6_512/5000/3 : below - []
tum_room6_512/10000/1 : above - [1.21165, 1.31797, 2.11925]
tum_room6_512/10000/1 : below - [0.72091, 0.6421, 2.65222, 0.67552, 1.13316, 1.07904, 2.12055, 1.38393, 2.08681, 0.26356]
tum_room6_512/10000/2 : above - [1.18345, 1.25952, 2.10372]
tum_room6_512/10000/2 : below - [0.78262, 0.52224, 2.77352, 0.6983, 1.0987, 0.90704, 2.02803, 1.46654, 2.11314, 0.29711]
tum_room6_512/10000/3 : above - [1.28896, 1.27562, 2.06422]
tum_room6_512/10000/3 : below - [0.64004, 1.07543, 4.69917, 0.78927, 1.14267, 1.00605, 2.1923, 1.52234, 2.05996, 0.35451]
